<?xml version="1.0" encoding="UTF-8"?>
<!-- Generated by org.testng.reporters.JUnitXMLReporter -->
<testsuite hostname="Shrini-PC" name="TestNG" tests="8" failures="0" timestamp="5 Aug 2017 09:51:47 GMT" time="93.305" errors="0">
  <testcase name="InvalidLogin" time="4.642" classname="TestScripts.LoginScript"/>
  <testcase name="InvalidLogin" time="2.153" classname="TestScripts.LoginScript"/>
  <testcase name="InvalidLogin" time="12.264" classname="TestScripts.LoginScript"/>
  <testcase name="InvalidLogin" time="1.712" classname="TestScripts.LoginScript"/>
  <testcase name="InvalidLogin" time="3.072" classname="TestScripts.LoginScript"/>
  <testcase name="InvalidLogin" time="4.104" classname="TestScripts.LoginScript"/>
  <testcase name="InvalidLogin" time="3.948" classname="TestScripts.LoginScript"/>
  <testcase name="InvalidLogin" time="2.38" classname="TestScripts.LoginScript"/>
</testsuite> <!-- TestNG -->
