<?xml version="1.0" encoding="UTF-8"?>
<testng-results skipped="0" failed="0" total="2" passed="2">
  <reporter-output>
  </reporter-output>
  <suite name="Suite" duration-ms="15965" started-at="2017-07-15T18:52:53Z" finished-at="2017-07-15T18:53:09Z">
    <groups>
      <group name="Smk">
        <method signature="LoginScript.InvalidLogin(java.util.Map)[pri:2, instance:TestScripts.LoginScript@59f99ea]" name="InvalidLogin" class="TestScripts.LoginScript"/>
        <method signature="LoginScript.Login(java.util.Map)[pri:1, instance:TestScripts.LoginScript@59f99ea]" name="Login" class="TestScripts.LoginScript"/>
      </group> <!-- Smk -->
      <group name="Reg">
        <method signature="LoginScript.Login(java.util.Map)[pri:1, instance:TestScripts.LoginScript@59f99ea]" name="Login" class="TestScripts.LoginScript"/>
      </group> <!-- Reg -->
      <group name="UAT">
        <method signature="LoginScript.Login(java.util.Map)[pri:1, instance:TestScripts.LoginScript@59f99ea]" name="Login" class="TestScripts.LoginScript"/>
      </group> <!-- UAT -->
    </groups>
    <test name="TestNG" duration-ms="15965" started-at="2017-07-15T18:52:53Z" finished-at="2017-07-15T18:53:09Z">
      <class name="TestScripts.LoginScript">
        <test-method status="PASS" signature="createreport()[pri:0, instance:TestScripts.LoginScript@59f99ea]" name="createreport" is-config="true" duration-ms="156" started-at="2017-07-16T00:22:53Z" finished-at="2017-07-16T00:22:53Z">
          <reporter-output>
          </reporter-output>
        </test-method> <!-- createreport -->
        <test-method status="PASS" signature="launchapp(java.lang.String)[pri:0, instance:TestScripts.LoginScript@59f99ea]" name="launchapp" is-config="true" duration-ms="5519" started-at="2017-07-16T00:22:54Z" finished-at="2017-07-16T00:22:59Z">
          <params>
            <param index="0">
              <value>
                <![CDATA[ff]]>
              </value>
            </param>
          </params>
          <reporter-output>
          </reporter-output>
        </test-method> <!-- launchapp -->
        <test-method status="PASS" signature="Login(java.util.Map)[pri:1, instance:TestScripts.LoginScript@59f99ea]" name="Login" duration-ms="2548" started-at="2017-07-16T00:22:59Z" data-provider="ValidLogin" finished-at="2017-07-16T00:23:02Z">
          <params>
            <param index="0">
              <value>
                <![CDATA[{Order=1.0, Script=ValidLogin, TC_ID=GB_07, Execute=Y, pwd=learn123, exp_msg=Hi qtpworld2008, username=qtpworld2008@gmail.com}]]>
              </value>
            </param>
          </params>
          <reporter-output>
          </reporter-output>
        </test-method> <!-- Login -->
        <test-method status="PASS" signature="closeapp()[pri:0, instance:TestScripts.LoginScript@59f99ea]" name="closeapp" is-config="true" duration-ms="339" started-at="2017-07-16T00:23:02Z" finished-at="2017-07-16T00:23:02Z">
          <reporter-output>
          </reporter-output>
        </test-method> <!-- closeapp -->
        <test-method status="PASS" signature="launchapp(java.lang.String)[pri:0, instance:TestScripts.LoginScript@59f99ea]" name="launchapp" is-config="true" duration-ms="4633" started-at="2017-07-16T00:23:02Z" finished-at="2017-07-16T00:23:07Z">
          <params>
            <param index="0">
              <value>
                <![CDATA[ff]]>
              </value>
            </param>
          </params>
          <reporter-output>
          </reporter-output>
        </test-method> <!-- launchapp -->
        <test-method status="PASS" signature="InvalidLogin(java.util.Map)[pri:2, instance:TestScripts.LoginScript@59f99ea]" name="InvalidLogin" duration-ms="2066" started-at="2017-07-16T00:23:07Z" data-provider="InvalidLogin" finished-at="2017-07-16T00:23:09Z">
          <params>
            <param index="0">
              <value>
                <![CDATA[{Order=1.0, Script=InvalidLogin, TC_ID=GB_01, Execute=Y, pwd=sfh, exp_msg=Sorry we were unable to complete this step because :, username=iweyr}]]>
              </value>
            </param>
          </params>
          <reporter-output>
          </reporter-output>
        </test-method> <!-- InvalidLogin -->
        <test-method status="PASS" signature="closeapp()[pri:0, instance:TestScripts.LoginScript@59f99ea]" name="closeapp" is-config="true" duration-ms="104" started-at="2017-07-16T00:23:09Z" finished-at="2017-07-16T00:23:09Z">
          <reporter-output>
          </reporter-output>
        </test-method> <!-- closeapp -->
      </class> <!-- TestScripts.LoginScript -->
    </test> <!-- TestNG -->
  </suite> <!-- Suite -->
</testng-results>
